<?xml version="1.0" encoding="UTF-8"?>
<!-- Generated by org.testng.reporters.JUnitReportReporter -->
<testsuite skipped="0" hostname="TOSHIBA-PC" name="testing.TC_01" tests="1" failures="0" timestamp="07 Jul 2017 03:43:16 GMT" time="27.299" errors="0">
  <testcase name="TM" time="27.299" classname="testing.TC_01"/>
</testsuite> <!-- testing.TC_01 -->
